2022-05-16 12:18:05,637 [main] INFO  o.s.b.t.c.SpringBootTestContextBootstrapper        - Neither @ContextConfiguration nor @ContextHierarchy found for test class [com.example.demo.SpringBootApiDemoApplicationTests], using SpringBootContextLoader
2022-05-16 12:18:05,648 [main] INFO  o.s.t.c.support.AbstractContextLoader              - Could not detect default resource locations for test class [com.example.demo.SpringBootApiDemoApplicationTests]: no resource found for suffixes {-context.xml, Context.groovy}.
2022-05-16 12:18:05,649 [main] INFO  o.s.t.c.s.AnnotationConfigContextLoaderUtils       - Could not detect default configuration classes for test class [com.example.demo.SpringBootApiDemoApplicationTests]: SpringBootApiDemoApplicationTests does not declare any static, non-private, non-final, nested classes annotated with @Configuration.
2022-05-16 12:18:05,789 [main] INFO  o.s.b.t.c.SpringBootTestContextBootstrapper        - Found @SpringBootConfiguration com.example.demo.SpringBootApiDemoApplication for test class com.example.demo.SpringBootApiDemoApplicationTests
2022-05-16 12:18:05,985 [main] INFO  o.s.b.t.c.SpringBootTestContextBootstrapper        - Loaded default TestExecutionListener class names from location [META-INF/spring.factories]: [org.springframework.boot.test.mock.mockito.MockitoTestExecutionListener, org.springframework.boot.test.mock.mockito.ResetMocksTestExecutionListener, org.springframework.boot.test.autoconfigure.restdocs.RestDocsTestExecutionListener, org.springframework.boot.test.autoconfigure.web.client.MockRestServiceServerResetTestExecutionListener, org.springframework.boot.test.autoconfigure.web.servlet.MockMvcPrintOnlyOnFailureTestExecutionListener, org.springframework.boot.test.autoconfigure.web.servlet.WebDriverTestExecutionListener, org.springframework.boot.test.autoconfigure.webservices.client.MockWebServiceServerTestExecutionListener, org.springframework.test.context.web.ServletTestExecutionListener, org.springframework.test.context.support.DirtiesContextBeforeModesTestExecutionListener, org.springframework.test.context.event.ApplicationEventsTestExecutionListener, org.springframework.test.context.support.DependencyInjectionTestExecutionListener, org.springframework.test.context.support.DirtiesContextTestExecutionListener, org.springframework.test.context.transaction.TransactionalTestExecutionListener, org.springframework.test.context.jdbc.SqlScriptsTestExecutionListener, org.springframework.test.context.event.EventPublishingTestExecutionListener]
2022-05-16 12:18:06,021 [main] INFO  o.s.b.t.c.SpringBootTestContextBootstrapper        - Using TestExecutionListeners: [org.springframework.test.context.web.ServletTestExecutionListener@93081b6, org.springframework.test.context.support.DirtiesContextBeforeModesTestExecutionListener@cd1e646, org.springframework.test.context.event.ApplicationEventsTestExecutionListener@7ba8c737, org.springframework.boot.test.mock.mockito.MockitoTestExecutionListener@1890516e, org.springframework.boot.test.autoconfigure.SpringBootDependencyInjectionTestExecutionListener@15a04efb, org.springframework.test.context.support.DirtiesContextTestExecutionListener@16c069df, org.springframework.test.context.transaction.TransactionalTestExecutionListener@2bec854f, org.springframework.test.context.jdbc.SqlScriptsTestExecutionListener@31edaa7d, org.springframework.test.context.event.EventPublishingTestExecutionListener@26adfd2d, org.springframework.boot.test.mock.mockito.ResetMocksTestExecutionListener@3336e6b6, org.springframework.boot.test.autoconfigure.restdocs.RestDocsTestExecutionListener@7c3fdb62, org.springframework.boot.test.autoconfigure.web.client.MockRestServiceServerResetTestExecutionListener@205d38da, org.springframework.boot.test.autoconfigure.web.servlet.MockMvcPrintOnlyOnFailureTestExecutionListener@6950ed69, org.springframework.boot.test.autoconfigure.web.servlet.WebDriverTestExecutionListener@6dd7b5a3, org.springframework.boot.test.autoconfigure.webservices.client.MockWebServiceServerTestExecutionListener@6f3187b0]
2022-05-16 12:18:06,572 [main] INFO  c.e.d.SpringBootApiDemoApplicationTests            - Starting SpringBootApiDemoApplicationTests using Java 1.8.0_202 on LAPTOP-B8IHR33R with PID 7912 (started by nhutt in D:\Projects\nhut\SpringBootApiDemo)
2022-05-16 12:18:06,575 [main] INFO  c.e.d.SpringBootApiDemoApplicationTests            - No active profile set, falling back to 1 default profile: "default"
2022-05-16 12:18:07,750 [main] INFO  o.s.d.r.c.RepositoryConfigurationDelegate          - Bootstrapping Spring Data JPA repositories in DEFAULT mode.
2022-05-16 12:18:07,848 [main] INFO  o.s.d.r.c.RepositoryConfigurationDelegate          - Finished Spring Data repository scanning in 82 ms. Found 1 JPA repository interfaces.
2022-05-16 12:18:08,870 [main] INFO  o.hibernate.jpa.internal.util.LogHelper            - HHH000204: Processing PersistenceUnitInfo [name: default]
2022-05-16 12:18:08,986 [main] INFO  org.hibernate.Version                              - HHH000412: Hibernate ORM core version 5.6.8.Final
2022-05-16 12:18:09,277 [main] INFO  org.hibernate.annotations.common.Version           - HCANN000001: Hibernate Commons Annotations {5.1.2.Final}
2022-05-16 12:18:09,777 [main] INFO  com.zaxxer.hikari.HikariDataSource                 - HikariPool-1 - Starting...
2022-05-16 12:18:10,119 [main] INFO  com.zaxxer.hikari.HikariDataSource                 - HikariPool-1 - Start completed.
2022-05-16 12:18:10,144 [main] INFO  org.hibernate.dialect.Dialect                      - HHH000400: Using dialect: org.hibernate.dialect.MySQL5Dialect
2022-05-16 12:18:11,156 [main] INFO  o.h.e.t.j.p.i.JtaPlatformInitiator                 - HHH000490: Using JtaPlatform implementation: [org.hibernate.engine.transaction.jta.platform.internal.NoJtaPlatform]
2022-05-16 12:18:11,171 [main] INFO  o.s.o.j.LocalContainerEntityManagerFactoryBean     - Initialized JPA EntityManagerFactory for persistence unit 'default'
2022-05-16 12:18:12,099 [main] WARN  o.s.b.a.o.j.JpaBaseConfiguration$JpaWebConfiguration - spring.jpa.open-in-view is enabled by default. Therefore, database queries may be performed during view rendering. Explicitly configure spring.jpa.open-in-view to disable this warning
2022-05-16 12:18:13,808 [main] INFO  o.s.b.a.e.web.EndpointLinksResolver                - Exposing 1 endpoint(s) beneath base path '/actuator'
2022-05-16 12:18:13,900 [main] INFO  c.e.d.SpringBootApiDemoApplicationTests            - Started SpringBootApiDemoApplicationTests in 7.786 seconds (JVM running for 9.329)
2022-05-16 12:18:14,235 [SpringApplicationShutdownHook] INFO  o.s.o.j.LocalContainerEntityManagerFactoryBean     - Closing JPA EntityManagerFactory for persistence unit 'default'
2022-05-16 12:18:14,239 [SpringApplicationShutdownHook] INFO  com.zaxxer.hikari.HikariDataSource                 - HikariPool-1 - Shutdown initiated...
2022-05-16 12:18:14,262 [SpringApplicationShutdownHook] INFO  com.zaxxer.hikari.HikariDataSource                 - HikariPool-1 - Shutdown completed.
2022-05-16 12:18:19,895 [main] INFO  c.e.demo.SpringBootApiDemoApplication              - this is a info message
2022-05-16 12:18:19,899 [main] WARN  c.e.demo.SpringBootApiDemoApplication              - this is a warn message
2022-05-16 12:18:19,901 [main] ERROR c.e.demo.SpringBootApiDemoApplication              - this is a error message
2022-05-16 12:18:20,640 [main] INFO  c.e.demo.SpringBootApiDemoApplication              - Starting SpringBootApiDemoApplication v0.0.1-SNAPSHOT using Java 1.8.0_202 on LAPTOP-B8IHR33R with PID 3528 (D:\Projects\nhut\SpringBootApiDemo\target\demo-0.0.1-SNAPSHOT.jar started by nhutt in D:\Projects\nhut\SpringBootApiDemo)
2022-05-16 12:18:20,642 [main] INFO  c.e.demo.SpringBootApiDemoApplication              - No active profile set, falling back to 1 default profile: "default"
2022-05-16 12:18:21,925 [main] INFO  o.s.d.r.c.RepositoryConfigurationDelegate          - Bootstrapping Spring Data JPA repositories in DEFAULT mode.
2022-05-16 12:18:21,999 [main] INFO  o.s.d.r.c.RepositoryConfigurationDelegate          - Finished Spring Data repository scanning in 61 ms. Found 1 JPA repository interfaces.
2022-05-16 12:18:23,292 [main] INFO  o.s.b.w.embedded.tomcat.TomcatWebServer            - Tomcat initialized with port(s): 8080 (http)
2022-05-16 12:18:23,312 [main] INFO  o.apache.coyote.http11.Http11NioProtocol           - Initializing ProtocolHandler ["http-nio-8080"]
2022-05-16 12:18:23,314 [main] INFO  org.apache.catalina.core.StandardService           - Starting service [Tomcat]
2022-05-16 12:18:23,314 [main] INFO  org.apache.catalina.core.StandardEngine            - Starting Servlet engine: [Apache Tomcat/9.0.62]
2022-05-16 12:18:23,508 [main] INFO  o.a.c.c.C.[Tomcat].[localhost].[/]                 - Initializing Spring embedded WebApplicationContext
2022-05-16 12:18:23,509 [main] INFO  o.s.b.w.s.c.ServletWebServerApplicationContext     - Root WebApplicationContext: initialization completed in 2773 ms
2022-05-16 12:18:24,198 [main] INFO  o.hibernate.jpa.internal.util.LogHelper            - HHH000204: Processing PersistenceUnitInfo [name: default]
2022-05-16 12:18:24,308 [main] INFO  org.hibernate.Version                              - HHH000412: Hibernate ORM core version 5.6.8.Final
2022-05-16 12:18:24,626 [main] INFO  org.hibernate.annotations.common.Version           - HCANN000001: Hibernate Commons Annotations {5.1.2.Final}
2022-05-16 12:18:24,812 [main] INFO  com.zaxxer.hikari.HikariDataSource                 - HikariPool-1 - Starting...
2022-05-16 12:18:25,097 [main] INFO  com.zaxxer.hikari.HikariDataSource                 - HikariPool-1 - Start completed.
2022-05-16 12:18:25,120 [main] INFO  org.hibernate.dialect.Dialect                      - HHH000400: Using dialect: org.hibernate.dialect.MySQL5Dialect
2022-05-16 12:18:25,836 [main] INFO  o.h.e.t.j.p.i.JtaPlatformInitiator                 - HHH000490: Using JtaPlatform implementation: [org.hibernate.engine.transaction.jta.platform.internal.NoJtaPlatform]
2022-05-16 12:18:25,848 [main] INFO  o.s.o.j.LocalContainerEntityManagerFactoryBean     - Initialized JPA EntityManagerFactory for persistence unit 'default'
2022-05-16 12:18:26,316 [main] WARN  o.s.b.a.o.j.JpaBaseConfiguration$JpaWebConfiguration - spring.jpa.open-in-view is enabled by default. Therefore, database queries may be performed during view rendering. Explicitly configure spring.jpa.open-in-view to disable this warning
2022-05-16 12:18:27,435 [main] INFO  o.s.b.a.e.web.EndpointLinksResolver                - Exposing 1 endpoint(s) beneath base path '/actuator'
2022-05-16 12:18:27,493 [main] INFO  o.apache.coyote.http11.Http11NioProtocol           - Starting ProtocolHandler ["http-nio-8080"]
2022-05-16 12:18:27,564 [main] INFO  o.s.b.w.embedded.tomcat.TomcatWebServer            - Tomcat started on port(s): 8080 (http) with context path ''
2022-05-16 12:18:27,608 [main] INFO  c.e.demo.SpringBootApiDemoApplication              - Started SpringBootApiDemoApplication in 7.481 seconds (JVM running for 8.294)
2022-05-16 12:37:55,811 [SpringApplicationShutdownHook] INFO  o.s.o.j.LocalContainerEntityManagerFactoryBean     - Closing JPA EntityManagerFactory for persistence unit 'default'
2022-05-16 12:37:55,815 [SpringApplicationShutdownHook] INFO  com.zaxxer.hikari.HikariDataSource                 - HikariPool-1 - Shutdown initiated...
2022-05-16 12:37:55,835 [SpringApplicationShutdownHook] INFO  com.zaxxer.hikari.HikariDataSource                 - HikariPool-1 - Shutdown completed.
2022-05-16 12:37:59,529 [main] INFO  c.e.demo.SpringBootApiDemoApplication              - this is a info message
2022-05-16 12:37:59,531 [main] WARN  c.e.demo.SpringBootApiDemoApplication              - this is a warn message
2022-05-16 12:37:59,532 [main] ERROR c.e.demo.SpringBootApiDemoApplication              - this is a error message
2022-05-16 12:38:00,150 [main] INFO  c.e.demo.SpringBootApiDemoApplication              - Starting SpringBootApiDemoApplication v0.0.1-SNAPSHOT using Java 1.8.0_202 on LAPTOP-B8IHR33R with PID 18944 (D:\Projects\nhut\SpringBootApiDemo\target\demo-0.0.1-SNAPSHOT.jar started by nhutt in D:\Projects\nhut\SpringBootApiDemo)
2022-05-16 12:38:00,152 [main] INFO  c.e.demo.SpringBootApiDemoApplication              - No active profile set, falling back to 1 default profile: "default"
2022-05-16 12:38:01,247 [main] INFO  o.s.d.r.c.RepositoryConfigurationDelegate          - Bootstrapping Spring Data JPA repositories in DEFAULT mode.
2022-05-16 12:38:01,300 [main] INFO  o.s.d.r.c.RepositoryConfigurationDelegate          - Finished Spring Data repository scanning in 42 ms. Found 1 JPA repository interfaces.
2022-05-16 12:38:02,186 [main] INFO  o.s.b.w.embedded.tomcat.TomcatWebServer            - Tomcat initialized with port(s): 8080 (http)
2022-05-16 12:38:02,201 [main] INFO  o.apache.coyote.http11.Http11NioProtocol           - Initializing ProtocolHandler ["http-nio-8080"]
2022-05-16 12:38:02,202 [main] INFO  org.apache.catalina.core.StandardService           - Starting service [Tomcat]
2022-05-16 12:38:02,202 [main] INFO  org.apache.catalina.core.StandardEngine            - Starting Servlet engine: [Apache Tomcat/9.0.62]
2022-05-16 12:38:02,325 [main] INFO  o.a.c.c.C.[Tomcat].[localhost].[/]                 - Initializing Spring embedded WebApplicationContext
2022-05-16 12:38:02,325 [main] INFO  o.s.b.w.s.c.ServletWebServerApplicationContext     - Root WebApplicationContext: initialization completed in 2100 ms
2022-05-16 12:38:02,814 [main] INFO  o.hibernate.jpa.internal.util.LogHelper            - HHH000204: Processing PersistenceUnitInfo [name: default]
2022-05-16 12:38:02,896 [main] INFO  org.hibernate.Version                              - HHH000412: Hibernate ORM core version 5.6.8.Final
2022-05-16 12:38:03,128 [main] INFO  org.hibernate.annotations.common.Version           - HCANN000001: Hibernate Commons Annotations {5.1.2.Final}
2022-05-16 12:38:03,252 [main] INFO  com.zaxxer.hikari.HikariDataSource                 - HikariPool-1 - Starting...
2022-05-16 12:38:03,419 [main] INFO  com.zaxxer.hikari.HikariDataSource                 - HikariPool-1 - Start completed.
2022-05-16 12:38:03,441 [main] INFO  org.hibernate.dialect.Dialect                      - HHH000400: Using dialect: org.hibernate.dialect.MySQL5Dialect
2022-05-16 12:38:04,061 [main] INFO  o.h.e.t.j.p.i.JtaPlatformInitiator                 - HHH000490: Using JtaPlatform implementation: [org.hibernate.engine.transaction.jta.platform.internal.NoJtaPlatform]
2022-05-16 12:38:04,070 [main] INFO  o.s.o.j.LocalContainerEntityManagerFactoryBean     - Initialized JPA EntityManagerFactory for persistence unit 'default'
2022-05-16 12:38:04,554 [main] WARN  o.s.b.a.o.j.JpaBaseConfiguration$JpaWebConfiguration - spring.jpa.open-in-view is enabled by default. Therefore, database queries may be performed during view rendering. Explicitly configure spring.jpa.open-in-view to disable this warning
2022-05-16 12:38:05,224 [main] INFO  o.s.b.a.e.web.EndpointLinksResolver                - Exposing 1 endpoint(s) beneath base path '/actuator'
2022-05-16 12:38:05,250 [main] INFO  o.apache.coyote.http11.Http11NioProtocol           - Starting ProtocolHandler ["http-nio-8080"]
2022-05-16 12:38:05,278 [main] INFO  o.s.b.w.embedded.tomcat.TomcatWebServer            - Tomcat started on port(s): 8080 (http) with context path ''
2022-05-16 12:38:05,294 [main] INFO  c.e.demo.SpringBootApiDemoApplication              - Started SpringBootApiDemoApplication in 5.588 seconds (JVM running for 6.189)
2022-05-16 12:38:32,187 [SpringApplicationShutdownHook] INFO  o.s.o.j.LocalContainerEntityManagerFactoryBean     - Closing JPA EntityManagerFactory for persistence unit 'default'
2022-05-16 12:38:32,190 [SpringApplicationShutdownHook] INFO  com.zaxxer.hikari.HikariDataSource                 - HikariPool-1 - Shutdown initiated...
2022-05-16 12:38:32,211 [SpringApplicationShutdownHook] INFO  com.zaxxer.hikari.HikariDataSource                 - HikariPool-1 - Shutdown completed.
2022-05-16 12:38:41,134 [main] INFO  o.s.b.t.c.SpringBootTestContextBootstrapper        - Neither @ContextConfiguration nor @ContextHierarchy found for test class [com.example.demo.SpringBootApiDemoApplicationTests], using SpringBootContextLoader
2022-05-16 12:38:41,142 [main] INFO  o.s.t.c.support.AbstractContextLoader              - Could not detect default resource locations for test class [com.example.demo.SpringBootApiDemoApplicationTests]: no resource found for suffixes {-context.xml, Context.groovy}.
2022-05-16 12:38:41,143 [main] INFO  o.s.t.c.s.AnnotationConfigContextLoaderUtils       - Could not detect default configuration classes for test class [com.example.demo.SpringBootApiDemoApplicationTests]: SpringBootApiDemoApplicationTests does not declare any static, non-private, non-final, nested classes annotated with @Configuration.
2022-05-16 12:38:41,261 [main] INFO  o.s.b.t.c.SpringBootTestContextBootstrapper        - Found @SpringBootConfiguration com.example.demo.SpringBootApiDemoApplication for test class com.example.demo.SpringBootApiDemoApplicationTests
2022-05-16 12:38:41,381 [main] INFO  o.s.b.t.c.SpringBootTestContextBootstrapper        - Loaded default TestExecutionListener class names from location [META-INF/spring.factories]: [org.springframework.boot.test.mock.mockito.MockitoTestExecutionListener, org.springframework.boot.test.mock.mockito.ResetMocksTestExecutionListener, org.springframework.boot.test.autoconfigure.restdocs.RestDocsTestExecutionListener, org.springframework.boot.test.autoconfigure.web.client.MockRestServiceServerResetTestExecutionListener, org.springframework.boot.test.autoconfigure.web.servlet.MockMvcPrintOnlyOnFailureTestExecutionListener, org.springframework.boot.test.autoconfigure.web.servlet.WebDriverTestExecutionListener, org.springframework.boot.test.autoconfigure.webservices.client.MockWebServiceServerTestExecutionListener, org.springframework.test.context.web.ServletTestExecutionListener, org.springframework.test.context.support.DirtiesContextBeforeModesTestExecutionListener, org.springframework.test.context.event.ApplicationEventsTestExecutionListener, org.springframework.test.context.support.DependencyInjectionTestExecutionListener, org.springframework.test.context.support.DirtiesContextTestExecutionListener, org.springframework.test.context.transaction.TransactionalTestExecutionListener, org.springframework.test.context.jdbc.SqlScriptsTestExecutionListener, org.springframework.test.context.event.EventPublishingTestExecutionListener]
2022-05-16 12:38:41,406 [main] INFO  o.s.b.t.c.SpringBootTestContextBootstrapper        - Using TestExecutionListeners: [org.springframework.test.context.web.ServletTestExecutionListener@93081b6, org.springframework.test.context.support.DirtiesContextBeforeModesTestExecutionListener@cd1e646, org.springframework.test.context.event.ApplicationEventsTestExecutionListener@7ba8c737, org.springframework.boot.test.mock.mockito.MockitoTestExecutionListener@1890516e, org.springframework.boot.test.autoconfigure.SpringBootDependencyInjectionTestExecutionListener@15a04efb, org.springframework.test.context.support.DirtiesContextTestExecutionListener@16c069df, org.springframework.test.context.transaction.TransactionalTestExecutionListener@2bec854f, org.springframework.test.context.jdbc.SqlScriptsTestExecutionListener@31edaa7d, org.springframework.test.context.event.EventPublishingTestExecutionListener@26adfd2d, org.springframework.boot.test.mock.mockito.ResetMocksTestExecutionListener@3336e6b6, org.springframework.boot.test.autoconfigure.restdocs.RestDocsTestExecutionListener@7c3fdb62, org.springframework.boot.test.autoconfigure.web.client.MockRestServiceServerResetTestExecutionListener@205d38da, org.springframework.boot.test.autoconfigure.web.servlet.MockMvcPrintOnlyOnFailureTestExecutionListener@6950ed69, org.springframework.boot.test.autoconfigure.web.servlet.WebDriverTestExecutionListener@6dd7b5a3, org.springframework.boot.test.autoconfigure.webservices.client.MockWebServiceServerTestExecutionListener@6f3187b0]
2022-05-16 12:38:41,798 [main] INFO  c.e.d.SpringBootApiDemoApplicationTests            - Starting SpringBootApiDemoApplicationTests using Java 1.8.0_202 on LAPTOP-B8IHR33R with PID 2516 (started by nhutt in D:\Projects\nhut\SpringBootApiDemo)
2022-05-16 12:38:41,799 [main] INFO  c.e.d.SpringBootApiDemoApplicationTests            - No active profile set, falling back to 1 default profile: "default"
2022-05-16 12:38:42,776 [main] INFO  o.s.d.r.c.RepositoryConfigurationDelegate          - Bootstrapping Spring Data JPA repositories in DEFAULT mode.
2022-05-16 12:38:42,835 [main] INFO  o.s.d.r.c.RepositoryConfigurationDelegate          - Finished Spring Data repository scanning in 49 ms. Found 1 JPA repository interfaces.
2022-05-16 12:38:43,663 [main] INFO  o.hibernate.jpa.internal.util.LogHelper            - HHH000204: Processing PersistenceUnitInfo [name: default]
2022-05-16 12:38:43,750 [main] INFO  org.hibernate.Version                              - HHH000412: Hibernate ORM core version 5.6.8.Final
2022-05-16 12:38:44,017 [main] INFO  org.hibernate.annotations.common.Version           - HCANN000001: Hibernate Commons Annotations {5.1.2.Final}
2022-05-16 12:38:44,382 [main] INFO  com.zaxxer.hikari.HikariDataSource                 - HikariPool-1 - Starting...
2022-05-16 12:38:44,564 [main] INFO  com.zaxxer.hikari.HikariDataSource                 - HikariPool-1 - Start completed.
2022-05-16 12:38:44,585 [main] INFO  org.hibernate.dialect.Dialect                      - HHH000400: Using dialect: org.hibernate.dialect.MySQL5Dialect
2022-05-16 12:38:45,406 [main] INFO  o.h.e.t.j.p.i.JtaPlatformInitiator                 - HHH000490: Using JtaPlatform implementation: [org.hibernate.engine.transaction.jta.platform.internal.NoJtaPlatform]
2022-05-16 12:38:45,419 [main] INFO  o.s.o.j.LocalContainerEntityManagerFactoryBean     - Initialized JPA EntityManagerFactory for persistence unit 'default'
2022-05-16 12:38:46,221 [main] WARN  o.s.b.a.o.j.JpaBaseConfiguration$JpaWebConfiguration - spring.jpa.open-in-view is enabled by default. Therefore, database queries may be performed during view rendering. Explicitly configure spring.jpa.open-in-view to disable this warning
2022-05-16 12:38:47,607 [main] INFO  o.s.b.a.e.web.EndpointLinksResolver                - Exposing 1 endpoint(s) beneath base path '/actuator'
2022-05-16 12:38:47,695 [main] INFO  c.e.d.SpringBootApiDemoApplicationTests            - Started SpringBootApiDemoApplicationTests in 6.242 seconds (JVM running for 7.456)
2022-05-16 12:38:47,955 [SpringApplicationShutdownHook] INFO  o.s.o.j.LocalContainerEntityManagerFactoryBean     - Closing JPA EntityManagerFactory for persistence unit 'default'
2022-05-16 12:38:47,960 [SpringApplicationShutdownHook] INFO  com.zaxxer.hikari.HikariDataSource                 - HikariPool-1 - Shutdown initiated...
2022-05-16 12:38:47,983 [SpringApplicationShutdownHook] INFO  com.zaxxer.hikari.HikariDataSource                 - HikariPool-1 - Shutdown completed.
2022-05-16 12:38:53,464 [main] INFO  c.e.demo.SpringBootApiDemoApplication              - this is a info message
2022-05-16 12:38:53,467 [main] WARN  c.e.demo.SpringBootApiDemoApplication              - this is a warn message
2022-05-16 12:38:53,468 [main] ERROR c.e.demo.SpringBootApiDemoApplication              - this is a error message
2022-05-16 12:38:54,143 [main] INFO  c.e.demo.SpringBootApiDemoApplication              - Starting SpringBootApiDemoApplication v0.0.1-SNAPSHOT using Java 1.8.0_202 on LAPTOP-B8IHR33R with PID 26356 (D:\Projects\nhut\SpringBootApiDemo\target\demo-0.0.1-SNAPSHOT.jar started by nhutt in D:\Projects\nhut\SpringBootApiDemo)
2022-05-16 12:38:54,144 [main] INFO  c.e.demo.SpringBootApiDemoApplication              - No active profile set, falling back to 1 default profile: "default"
2022-05-16 12:38:55,334 [main] INFO  o.s.d.r.c.RepositoryConfigurationDelegate          - Bootstrapping Spring Data JPA repositories in DEFAULT mode.
2022-05-16 12:38:55,412 [main] INFO  o.s.d.r.c.RepositoryConfigurationDelegate          - Finished Spring Data repository scanning in 57 ms. Found 1 JPA repository interfaces.
2022-05-16 12:38:56,510 [main] INFO  o.s.b.w.embedded.tomcat.TomcatWebServer            - Tomcat initialized with port(s): 8080 (http)
2022-05-16 12:38:56,527 [main] INFO  o.apache.coyote.http11.Http11NioProtocol           - Initializing ProtocolHandler ["http-nio-8080"]
2022-05-16 12:38:56,528 [main] INFO  org.apache.catalina.core.StandardService           - Starting service [Tomcat]
2022-05-16 12:38:56,529 [main] INFO  org.apache.catalina.core.StandardEngine            - Starting Servlet engine: [Apache Tomcat/9.0.62]
2022-05-16 12:38:56,658 [main] INFO  o.a.c.c.C.[Tomcat].[localhost].[/]                 - Initializing Spring embedded WebApplicationContext
2022-05-16 12:38:56,658 [main] INFO  o.s.b.w.s.c.ServletWebServerApplicationContext     - Root WebApplicationContext: initialization completed in 2434 ms
2022-05-16 12:38:57,236 [main] INFO  o.hibernate.jpa.internal.util.LogHelper            - HHH000204: Processing PersistenceUnitInfo [name: default]
2022-05-16 12:38:57,322 [main] INFO  org.hibernate.Version                              - HHH000412: Hibernate ORM core version 5.6.8.Final
2022-05-16 12:38:57,541 [main] INFO  org.hibernate.annotations.common.Version           - HCANN000001: Hibernate Commons Annotations {5.1.2.Final}
2022-05-16 12:38:57,679 [main] INFO  com.zaxxer.hikari.HikariDataSource                 - HikariPool-1 - Starting...
2022-05-16 12:38:57,850 [main] INFO  com.zaxxer.hikari.HikariDataSource                 - HikariPool-1 - Start completed.
2022-05-16 12:38:57,869 [main] INFO  org.hibernate.dialect.Dialect                      - HHH000400: Using dialect: org.hibernate.dialect.MySQL5Dialect
2022-05-16 12:38:58,491 [main] INFO  o.h.e.t.j.p.i.JtaPlatformInitiator                 - HHH000490: Using JtaPlatform implementation: [org.hibernate.engine.transaction.jta.platform.internal.NoJtaPlatform]
2022-05-16 12:38:58,502 [main] INFO  o.s.o.j.LocalContainerEntityManagerFactoryBean     - Initialized JPA EntityManagerFactory for persistence unit 'default'
2022-05-16 12:38:58,975 [main] WARN  o.s.b.a.o.j.JpaBaseConfiguration$JpaWebConfiguration - spring.jpa.open-in-view is enabled by default. Therefore, database queries may be performed during view rendering. Explicitly configure spring.jpa.open-in-view to disable this warning
2022-05-16 12:38:59,694 [main] INFO  o.s.b.a.e.web.EndpointLinksResolver                - Exposing 1 endpoint(s) beneath base path '/actuator'
2022-05-16 12:38:59,720 [main] INFO  o.apache.coyote.http11.Http11NioProtocol           - Starting ProtocolHandler ["http-nio-8080"]
2022-05-16 12:38:59,752 [main] INFO  o.s.b.w.embedded.tomcat.TomcatWebServer            - Tomcat started on port(s): 8080 (http) with context path ''
2022-05-16 12:38:59,769 [main] INFO  c.e.demo.SpringBootApiDemoApplication              - Started SpringBootApiDemoApplication in 6.095 seconds (JVM running for 6.713)
2022-05-16 12:46:54,095 [main] INFO  c.e.demo.SpringBootApiDemoApplication              - this is a info message
2022-05-16 12:46:54,099 [main] WARN  c.e.demo.SpringBootApiDemoApplication              - this is a warn message
2022-05-16 12:46:54,099 [main] ERROR c.e.demo.SpringBootApiDemoApplication              - this is a error message
2022-05-16 12:46:54,319 [restartedMain] INFO  c.e.demo.SpringBootApiDemoApplication              - this is a info message
2022-05-16 12:46:54,319 [restartedMain] WARN  c.e.demo.SpringBootApiDemoApplication              - this is a warn message
2022-05-16 12:46:54,319 [restartedMain] ERROR c.e.demo.SpringBootApiDemoApplication              - this is a error message
